<?xml version="1.0" encoding="UTF-8"?>
<!-- Generated by org.testng.reporters.JUnitReportReporter -->
<testsuite hostname="DESKTOP-LFL4UKQ" failures="0" tests="1" name="interview.CountStringNumberFromString" time="0.025" errors="0" timestamp="2022-08-13T23:47:45 IST" skipped="0">
  <testcase classname="interview.CountStringNumberFromString" name="replace1" time="0.025"/>
  <system-out/>
</testsuite> <!-- interview.CountStringNumberFromString -->
