<?xml version="1.0" encoding="UTF-8"?>
<!-- Generated by org.testng.reporters.JUnitReportReporter -->
<testsuite hostname="DESKTOP-LFL4UKQ" failures="0" tests="1" name="interview.Countcurlybracesclose" time="0.034" errors="0" timestamp="2022-08-14T09:37:38 IST" skipped="0">
  <testcase classname="interview.Countcurlybracesclose" name="check" time="0.034"/>
  <system-out/>
</testsuite> <!-- interview.Countcurlybracesclose -->
